<?xml version="1.0" encoding="UTF-8"?>
<!-- Generated by org.testng.reporters.JUnitReportReporter -->
<testsuite hostname="DESKTOP-K93CN0Q" failures="0" tests="1" name="tests.AddToCartTest" time="1.095" errors="0" timestamp="2022-09-29T06:15:15 EET" skipped="0">
  <testcase classname="tests.AddToCartTest" name="addToCard" time="1.095"/>
  <system-out/>
</testsuite> <!-- tests.AddToCartTest -->
