<?xml version="1.0" encoding="UTF-8"?>
<!-- Generated by org.testng.reporters.JUnitReportReporter -->
<testsuite hostname="DESKTOP-K93CN0Q" failures="0" tests="2" name="tests.OrderConfirmationValidation" time="0.130" errors="0" timestamp="2022-09-29T06:15:15 EET" skipped="0">
  <testcase classname="tests.OrderConfirmationValidation" name="urlCheck" time="0.012"/>
  <system-out/>
  <testcase classname="tests.OrderConfirmationValidation" name="orderConfirmationMessage" time="0.118"/>
  <system-out/>
</testsuite> <!-- tests.OrderConfirmationValidation -->
